<?xml version="1.0" encoding="UTF-8"?>
<testng-results total="1" passed="1" failed="0" skipped="0">
  <reporter-output>
  </reporter-output>
  <suite started-at="2024-08-24T17:08:17Z" name="Surefire suite" finished-at="2024-08-24T17:08:17Z" duration-ms="44">
    <groups>
    </groups>
    <test started-at="2024-08-24T17:08:17Z" name="Surefire test" finished-at="2024-08-24T17:08:17Z" duration-ms="44">
      <class name="test.comitexps.com.CalulatorTest">
        <test-method is-config="true" signature="setUpClass()[pri:0, instance:test.comitexps.com.CalulatorTest@57f23557]" started-at="2024-08-24T12:08:17Z" name="setUpClass" finished-at="2024-08-24T12:08:17Z" duration-ms="17" status="PASS">
          <reporter-output>
          </reporter-output>
        </test-method> <!-- setUpClass -->
        <test-method is-config="true" signature="setUpMethod()[pri:0, instance:test.comitexps.com.CalulatorTest@57f23557]" started-at="2024-08-24T12:08:17Z" name="setUpMethod" finished-at="2024-08-24T12:08:17Z" duration-ms="4" status="PASS">
          <reporter-output>
          </reporter-output>
        </test-method> <!-- setUpMethod -->
        <test-method signature="testAdd()[pri:0, instance:test.comitexps.com.CalulatorTest@57f23557]" started-at="2024-08-24T12:08:17Z" name="testAdd" finished-at="2024-08-24T12:08:17Z" duration-ms="7" status="PASS">
          <reporter-output>
          </reporter-output>
        </test-method> <!-- testAdd -->
        <test-method is-config="true" signature="tearDownMethod()[pri:0, instance:test.comitexps.com.CalulatorTest@57f23557]" started-at="2024-08-24T12:08:17Z" name="tearDownMethod" finished-at="2024-08-24T12:08:17Z" duration-ms="0" status="PASS">
          <reporter-output>
          </reporter-output>
        </test-method> <!-- tearDownMethod -->
        <test-method is-config="true" signature="tearDownClass()[pri:0, instance:test.comitexps.com.CalulatorTest@57f23557]" started-at="2024-08-24T12:08:17Z" name="tearDownClass" finished-at="2024-08-24T12:08:17Z" duration-ms="0" status="PASS">
          <reporter-output>
          </reporter-output>
        </test-method> <!-- tearDownClass -->
      </class> <!-- test.comitexps.com.CalulatorTest -->
    </test> <!-- Surefire test -->
  </suite> <!-- Surefire suite -->
</testng-results>
